<?xml version="1.0" encoding="UTF-8"?>
<!-- Generated by org.testng.reporters.JUnitXMLReporter -->
<testsuite ignored="0" hostname="IN-3KKJ1J3" failures="1" tests="1" name="SE SMOKE TEST" time="29.357" errors="0" timestamp="2024-02-23T21:06:31 IST">
  <testcase classname="com.ams.tests.LoginTest" name="LoginAms" time="22.543">
    <failure type="java.lang.AssertionError" message="failed due to invalid data
	expected [kannav] but found [Raj]">
      <![CDATA[java.lang.AssertionError: failed due to invalid data
expected [kannav] but found [Raj]
at com.ams.tests.LoginTest.LoginAms(LoginTest.java:23)
at java.base/java.util.ArrayList.forEach(ArrayList.java:1540)
at com.intellij.rt.testng.IDEARemoteTestNG.run(IDEARemoteTestNG.java:66)
at com.intellij.rt.testng.RemoteTestNGStarter.main(RemoteTestNGStarter.java:105)
... Removed 25 stack frames]]>
    </failure>
  </testcase> <!-- LoginAms -->
</testsuite> <!-- SE SMOKE TEST -->
